{"/Users/Andrew/Documents/FrontEnd/reactDive/complete-intro-to-react/js/Search.js": {"path":"/Users/Andrew/Documents/FrontEnd/reactDive/complete-intro-to-react/js/Search.js","statementMap":{"0":{"start":{"line":5,"column":15},"end":{"line":35,"column":2}},"1":{"start":{"line":7,"column":2},"end":{"line":9,"column":3}},"2":{"start":{"line":12,"column":2},"end":{"line":12,"column":49}},"3":{"start":{"line":15,"column":2},"end":{"line":33,"column":3}},"4":{"start":{"line":24,"column":7},"end":{"line":24,"column":113}},"5":{"start":{"line":27,"column":6},"end":{"line":29,"column":7}}},"fnMap":{"0":{"name":"(anonymous_0)","decl":{"start":{"line":23,"column":14},"end":{"line":23,"column":15}},"loc":{"start":{"line":23,"column":24},"end":{"line":25,"column":7}}},"1":{"name":"(anonymous_1)","decl":{"start":{"line":26,"column":11},"end":{"line":26,"column":12}},"loc":{"start":{"line":26,"column":21},"end":{"line":30,"column":6}}}},"branchMap":{},"s":{"0":1,"1":3,"2":1,"3":4,"4":84,"5":65},"f":{"0":84,"1":65},"b":{},"_coverageSchema":"332fd63041d2c1bcb487cc26dd0d5f7d97098a6c","hash":"f1a10e2b7a57e0cafdcbe5d5fd463e393a8aefb4"}
,"/Users/Andrew/Documents/FrontEnd/reactDive/complete-intro-to-react/js/ShowCard.js": {"path":"/Users/Andrew/Documents/FrontEnd/reactDive/complete-intro-to-react/js/ShowCard.js","statementMap":{"0":{"start":{"line":2,"column":24},"end":{"line":2,"column":39}},"1":{"start":{"line":4,"column":17},"end":{"line":24,"column":2}},"2":{"start":{"line":12,"column":45},"end":{"line":12,"column":55}},"3":{"start":{"line":13,"column":2},"end":{"line":22,"column":3}}},"fnMap":{},"branchMap":{},"s":{"0":2,"1":2,"2":1,"3":1},"f":{},"b":{},"_coverageSchema":"332fd63041d2c1bcb487cc26dd0d5f7d97098a6c","hash":"c1e5433c6eaa33f2495e4dc2106926c029094f7e"}
}
